
/home/runner/work/exp-proportion-binomially-iitb/exp-proportion-binomially-iitb/experiment/simulation/common_libraries/js/ts_components/collapse_step.js
   1:10  warning  'show_step' is defined but never used                 no-unused-vars
   2:5   warning  '$' is not defined                                    no-undef
   3:9   warning  '$' is not defined                                    no-undef
   6:10  warning  'hide_step' is defined but never used                 no-unused-vars
   7:5   warning  '$' is not defined                                    no-undef
   8:9   warning  '$' is not defined                                    no-undef
  11:10  warning  'get_collapse_btn_text' is defined but never used     no-unused-vars
  20:10  warning  'get_collapse_btn_element' is defined but never used  no-unused-vars
  29:10  warning  'hide_all_steps' is defined but never used            no-unused-vars
  31:9   warning  '$' is not defined                                    no-undef

/home/runner/work/exp-proportion-binomially-iitb/exp-proportion-binomially-iitb/experiment/simulation/common_libraries/js/ts_components/matrix.js
   27:26  warning  'MathJax' is not defined                                no-undef
   32:7   warning  'Matrix_Without_String' is defined but never used       no-unused-vars
   52:26  warning  'MathJax' is not defined                                no-undef
   56:10  warning  'get_matrix_html' is defined but never used             no-unused-vars
   87:13  warning  'row_html' is assigned a value but never used           no-unused-vars
   99:10  warning  'get_matrix_html_with_title' is defined but never used  no-unused-vars
  131:13  warning  'row_html' is assigned a value but never used           no-unused-vars
  143:10  warning  'convert_2d_to_1d_vector' is defined but never used     no-unused-vars
  156:10  warning  'convert_1d_to_2d_matrix' is defined but never used     no-unused-vars

/home/runner/work/exp-proportion-binomially-iitb/exp-proportion-binomially-iitb/experiment/simulation/common_libraries/js/ts_components/pannel.js
  8:7  warning  'Pannel' is defined but never used  no-unused-vars

/home/runner/work/exp-proportion-binomially-iitb/exp-proportion-binomially-iitb/experiment/simulation/common_libraries/js/ts_components/questions.js
   6:17  warning  'op1' is assigned a value but never used      no-unused-vars
   7:17  warning  'op2' is assigned a value but never used      no-unused-vars
   8:17  warning  'op3' is assigned a value but never used      no-unused-vars
   9:17  warning  'op4' is assigned a value but never used      no-unused-vars
  94:7   warning  'Question_Options' is defined but never used  no-unused-vars

/home/runner/work/exp-proportion-binomially-iitb/exp-proportion-binomially-iitb/experiment/simulation/common_libraries/js/ts_components/tables.js
   19:22  warning  'verify_values' is not defined                                     no-undef
  137:22  warning  'verify_values' is not defined                                     no-undef
  260:7   warning  'Verify_Rows_Cols_6_decimal_places' is defined but never used      no-unused-vars
  311:22  warning  'verify_values' is not defined                                     no-undef
  416:7   warning  'Verify_Rows_Cols_Custom_Fixed_Update1' is defined but never used  no-unused-vars
  468:7   warning  'Show_Table_Custom_Fixed' is defined but never used                no-unused-vars
  506:7   warning  'Verify_Rows_Cols_Strings' is defined but never used               no-unused-vars
  527:22  warning  'verify_values' is not defined                                     no-undef
  663:7   warning  'Display_Table' is defined but never used                          no-unused-vars

/home/runner/work/exp-proportion-binomially-iitb/exp-proportion-binomially-iitb/experiment/simulation/common_libraries/js/ts_math_library/general_math_functions.js
    1:10  warning  'verify_values' is defined but never used                   no-unused-vars
   17:10  warning  'random1' is defined but never used                         no-unused-vars
   21:10  warning  'std_deviation' is defined but never used                   no-unused-vars
   26:10  warning  'gauss' is defined but never used                           no-unused-vars
   56:10  warning  'hide_panel' is defined but never used                      no-unused-vars
   63:10  warning  'inverse_matrix' is defined but never used                  no-unused-vars
   96:10  warning  'matrix_multiplication' is defined but never used           no-unused-vars
  113:10  warning  'transpose_matrix' is defined but never used                no-unused-vars
  123:10  warning  'matrix_multiplication_8decimal' is defined but never used  no-unused-vars
  140:10  warning  'adjoint_2x2_matrix' is defined but never used              no-unused-vars
  145:10  warning  'find_deteminant' is defined but never used                 no-unused-vars
  174:10  warning  'get_Submatrix' is defined but never used                   no-unused-vars

/home/runner/work/exp-proportion-binomially-iitb/exp-proportion-binomially-iitb/experiment/simulation/common_libraries/js/ts_math_library/regression.js
   1:10  warning  'regression_linear' is defined but never used            no-unused-vars
  18:10  warning  'regression_linear_1variable' is defined but never used  no-unused-vars
  27:10  warning  'regression_linear_2variable' is defined but never used  no-unused-vars
  52:11  warning  'gauss' is not defined                                   no-undef

/home/runner/work/exp-proportion-binomially-iitb/exp-proportion-binomially-iitb/experiment/simulation/common_libraries/math.ob.js
  1:745  warning  'b' is already defined  no-redeclare

/home/runner/work/exp-proportion-binomially-iitb/exp-proportion-binomially-iitb/experiment/simulation/js/activity1.js
   20:10   warning  'start_act1' is defined but never used                  no-unused-vars
   23:20   warning  'get_collapse_btn_text' is not defined                  no-undef
   53:22   warning  'MathJax' is not defined                                no-undef
   54:5    warning  'hide_all_steps' is not defined                         no-undef
   56:9    warning  'show_step' is not defined                              no-undef
   60:10   warning  'set_n1' is defined but never used                      no-unused-vars
   64:9    warning  'n1' is not defined                                     no-undef
   68:9    warning  'n1' is not defined                                     no-undef
   82:10   warning  'verify_x1' is defined but never used                   no-unused-vars
   84:28   warning  'n1' is not defined                                     no-undef
   84:47   warning  'n1' is not defined                                     no-undef
   93:36   warning  'n1' is not defined                                     no-undef
   94:41   warning  'n1' is not defined                                     no-undef
   98:5    warning  'x1' is not defined                                     no-undef
   99:5    warning  'x1' is not defined                                     no-undef
  105:54   warning  'n1' is not defined                                     no-undef
  109:221  warning  'x1' is not defined                                     no-undef
  115:22   warning  'MathJax' is not defined                                no-undef
  117:10   warning  'a1_internal_calculations_1' is defined but never used  no-unused-vars
  118:5    warning  'p1_cap' is not defined                                 no-undef
  119:5    warning  'z1' is not defined                                     no-undef
  120:5    warning  'p1_cap' is not defined                                 no-undef
  120:26   warning  'x1' is not defined                                     no-undef
  120:31   warning  'n1' is not defined                                     no-undef
  121:5    warning  'z1' is not defined                                     no-undef
  121:23   warning  'p1_cap' is not defined                                 no-undef
  121:32   warning  'p0' is not defined                                     no-undef
  121:49   warning  'p0' is not defined                                     no-undef
  121:59   warning  'p0' is not defined                                     no-undef
  121:66   warning  'n1' is not defined                                     no-undef
  130:23   warning  Unnecessary escape character: \̂                        no-useless-escape
  141:22   warning  'MathJax' is not defined                                no-undef
  143:10   warning  'verify_p1' is defined but never used                   no-unused-vars
  145:17   warning  'p1_cap' is not defined                                 no-undef
  146:10   warning  'verify_values' is not defined                          no-undef
  146:50   warning  'p1_cap' is not defined                                 no-undef
  161:17   warning  Unnecessary escape character: \̂                        no-useless-escape
  161:46   warning  'p1_cap' is not defined                                 no-undef
  177:39   warning  Unnecessary escape character: \̂                        no-useless-escape
  177:93   warning  Unnecessary escape character: \̂                        no-useless-escape
  187:22   warning  'MathJax' is not defined                                no-undef
  189:10   warning  'verify_z1' is defined but never used                   no-unused-vars
  191:17   warning  'z1' is not defined                                     no-undef
  192:10   warning  'verify_values' is not defined                          no-undef
  192:50   warning  'z1' is not defined                                     no-undef
  206:30   warning  Unnecessary escape character: \̂                        no-useless-escape
  206:84   warning  Unnecessary escape character: \̂                        no-useless-escape
  206:133  warning  'z1' is not defined                                     no-undef
  211:22   warning  'MathJax' is not defined                                no-undef

/home/runner/work/exp-proportion-binomially-iitb/exp-proportion-binomially-iitb/experiment/simulation/js/activity1_p1.js
    1:10  warning  'activity1_p1' is defined but never used  no-unused-vars
    4:19  warning  'get_collapse_btn_text' is not defined    no-undef
    5:5   warning  'maindiv' is not defined                  no-undef
   83:9   warning  'MathJax' is not defined                  no-undef
   85:5   warning  'hide_all_steps' is not defined           no-undef
   87:9   warning  'show_step' is not defined                no-undef
   96:25  warning  'alpha_dd_options' is not defined         no-undef
   97:29  warning  'alpha_dd_options' is not defined         no-undef
   97:61  warning  'alpha_dd_options' is not defined         no-undef
  102:10  warning  'a1_set_alpha' is defined but never used  no-unused-vars
  106:9   warning  'alpha_a1' is not defined                 no-undef
  130:51  warning  'alpha_a1' is not defined                 no-undef
  135:9   warning  'alpha_a1' is not defined                 no-undef

/home/runner/work/exp-proportion-binomially-iitb/exp-proportion-binomially-iitb/experiment/simulation/js/activity1_p2.js
    1:10   warning  'activity1_p2' is defined but never used     no-unused-vars
    4:19   warning  'get_collapse_btn_text' is not defined       no-undef
    5:5    warning  'maindiv' is not defined                     no-undef
   17:30   warning  Unnecessary escape character: \̂             no-useless-escape
   17:84   warning  Unnecessary escape character: \̂             no-useless-escape
   17:133  warning  'z1' is not defined                          no-undef
   46:22   warning  'MathJax' is not defined                     no-undef
   47:5    warning  'hide_all_steps' is not defined              no-undef
   49:9    warning  'show_step' is not defined                   no-undef
   98:18   warning  'z1' is not defined                          no-undef
   98:43   warning  'z1' is not defined                          no-undef
   99:9    warning  'a1_hypo_test_reject_op' is not defined      no-undef
  102:9    warning  'a1_hypo_test_reject_op' is not defined      no-undef
  105:10   warning  'a1_vf_null_hypo' is defined but never used  no-unused-vars
  109:9    warning  'a1_hypo_test_reject_op' is not defined      no-undef
  112:14   warning  'a1_hypo_test_reject_op' is not defined      no-undef
  115:25   warning  'a1_hypo_test_reject_op' is not defined      no-undef

/home/runner/work/exp-proportion-binomially-iitb/exp-proportion-binomially-iitb/experiment/simulation/js/activity1_p3.js
    1:10  warning  'activity1_p3' is defined but never used    no-unused-vars
    4:19  warning  'get_collapse_btn_text' is not defined      no-undef
    6:5   warning  'maindiv' is not defined                    no-undef
   21:42  warning  Unnecessary escape character: \̂            no-useless-escape
   21:47  warning  Unnecessary escape character: \(            no-useless-escape
   21:52  warning  Unnecessary escape character: \̂            no-useless-escape
   21:57  warning  Unnecessary escape character: \)            no-useless-escape
   31:22  warning  'MathJax' is not defined                    no-undef
   32:5   warning  'hide_all_steps' is not defined             no-undef
   34:9   warning  'show_step' is not defined                  no-undef
   38:5   warning  'SE_a1' is not defined                      no-undef
   39:5   warning  'ME_a1' is not defined                      no-undef
   40:5   warning  'CI_1_a1' is not defined                    no-undef
   41:5   warning  'CI_2_a1' is not defined                    no-undef
   42:5   warning  'SE_a1' is not defined                      no-undef
   42:35  warning  'p1_cap' is not defined                     no-undef
   42:49  warning  'p1_cap' is not defined                     no-undef
   42:60  warning  'n1' is not defined                         no-undef
   43:5   warning  'ME_a1' is not defined                      no-undef
   43:25  warning  'z1' is not defined                         no-undef
   43:30  warning  'SE_a1' is not defined                      no-undef
   44:5   warning  'CI_1_a1' is not defined                    no-undef
   44:27  warning  'p1_cap' is not defined                     no-undef
   44:36  warning  'ME_a1' is not defined                      no-undef
   45:5   warning  'CI_2_a1' is not defined                    no-undef
   45:27  warning  'p1_cap' is not defined                     no-undef
   45:36  warning  'ME_a1' is not defined                      no-undef
   47:10  warning  'verify_se1' is defined but never used      no-unused-vars
   49:17  warning  'SE_a1' is not defined                      no-undef
   50:10  warning  'verify_values' is not defined              no-undef
   50:50  warning  'SE_a1' is not defined                      no-undef
   64:33  warning  Unnecessary escape character: \̂            no-useless-escape
   64:42  warning  Unnecessary escape character: \̂            no-useless-escape
   64:60  warning  'SE_a1' is not defined                      no-undef
   68:22  warning  'MathJax' is not defined                    no-undef
   70:10  warning  'a1_load_me_div' is defined but never used  no-unused-vars
   82:28  warning  Unnecessary escape character: \×            no-useless-escape
   91:22  warning  'MathJax' is not defined                    no-undef
   93:10  warning  'verify_me1' is defined but never used      no-unused-vars
   95:17  warning  'ME_a1' is not defined                      no-undef
   96:10  warning  'verify_values' is not defined              no-undef
   96:50  warning  'ME_a1' is not defined                      no-undef
  110:22  warning  Unnecessary escape character: \×            no-useless-escape
  110:32  warning  'ME_a1' is not defined                      no-undef
  114:22  warning  'MathJax' is not defined                    no-undef
  116:10  warning  'a1_load_ci_div' is defined but never used  no-unused-vars
  126:17  warning  Unnecessary escape character: \̂            no-useless-escape
  126:27  warning  'p1_cap' is not defined                     no-undef
  129:28  warning  Unnecessary escape character: \×            no-useless-escape
  129:38  warning  'ME_a1' is not defined                      no-undef
  134:20  warning  Unnecessary escape character: \̂            no-useless-escape
  134:34  warning  Unnecessary escape character: \̂            no-useless-escape
  139:20  warning  Unnecessary escape character: \̂            no-useless-escape
  147:20  warning  Unnecessary escape character: \̂            no-useless-escape
  162:22  warning  'MathJax' is not defined                    no-undef
  164:10  warning  'verify_ci1' is defined but never used      no-unused-vars
  167:17  warning  'CI_1_a1' is not defined                    no-undef
  167:26  warning  'CI_2_a1' is not defined                    no-undef
  168:10  warning  'verify_values' is not defined              no-undef
  168:51  warning  'CI_1_a1' is not defined                    no-undef
  177:10  warning  'verify_values' is not defined              no-undef
  177:51  warning  'CI_2_a1' is not defined                    no-undef
  191:29  warning  'CI_1_a1' is not defined                    no-undef
  191:42  warning  'CI_2_a1' is not defined                    no-undef
  195:22  warning  'MathJax' is not defined                    no-undef

/home/runner/work/exp-proportion-binomially-iitb/exp-proportion-binomially-iitb/experiment/simulation/js/activity2.js
    1:10   warning  'activity2' is defined but never used                   no-unused-vars
   19:5    warning  'maindiv' is not defined                                no-undef
   20:5    warning  'hide_all_steps' is not defined                         no-undef
   22:10   warning  'start_act2' is defined but never used                  no-unused-vars
   25:20   warning  'get_collapse_btn_text' is not defined                  no-undef
   26:5    warning  'maindiv' is not defined                                no-undef
   55:22   warning  'MathJax' is not defined                                no-undef
   57:9    warning  'show_step' is not defined                              no-undef
   61:10   warning  'set_n2' is defined but never used                      no-unused-vars
   65:9    warning  'n2' is not defined                                     no-undef
   69:9    warning  'n2' is not defined                                     no-undef
   83:10   warning  'verify_x2' is defined but never used                   no-unused-vars
   85:28   warning  'n2' is not defined                                     no-undef
   85:42   warning  'n2' is not defined                                     no-undef
   94:37   warning  'n2' is not defined                                     no-undef
   94:74   warning  'n2' is not defined                                     no-undef
   98:5    warning  'x2' is not defined                                     no-undef
   99:5    warning  'x2' is not defined                                     no-undef
  105:54   warning  'n2' is not defined                                     no-undef
  109:144  warning  'x2' is not defined                                     no-undef
  115:22   warning  'MathJax' is not defined                                no-undef
  117:10   warning  'a2_internal_calculations_1' is defined but never used  no-unused-vars
  118:5    warning  'p2_cap' is not defined                                 no-undef
  119:5    warning  'z2' is not defined                                     no-undef
  120:5    warning  'p2_cap' is not defined                                 no-undef
  120:26   warning  'x2' is not defined                                     no-undef
  120:31   warning  'n2' is not defined                                     no-undef
  121:5    warning  'z2' is not defined                                     no-undef
  121:23   warning  'p2_cap' is not defined                                 no-undef
  121:32   warning  'p0' is not defined                                     no-undef
  121:49   warning  'p0' is not defined                                     no-undef
  121:59   warning  'p0' is not defined                                     no-undef
  121:66   warning  'n2' is not defined                                     no-undef
  130:23   warning  Unnecessary escape character: \̂                        no-useless-escape
  141:22   warning  'MathJax' is not defined                                no-undef
  143:10   warning  'verify_p2' is defined but never used                   no-unused-vars
  145:17   warning  'p2_cap' is not defined                                 no-undef
  146:10   warning  'verify_values' is not defined                          no-undef
  146:50   warning  'p2_cap' is not defined                                 no-undef
  161:17   warning  Unnecessary escape character: \̂                        no-useless-escape
  161:46   warning  'p2_cap' is not defined                                 no-undef
  177:39   warning  Unnecessary escape character: \̂                        no-useless-escape
  177:93   warning  Unnecessary escape character: \̂                        no-useless-escape
  187:22   warning  'MathJax' is not defined                                no-undef
  189:10   warning  'verify_z2' is defined but never used                   no-unused-vars
  191:17   warning  'z2' is not defined                                     no-undef
  192:10   warning  'verify_values' is not defined                          no-undef
  192:50   warning  'z2' is not defined                                     no-undef
  206:30   warning  Unnecessary escape character: \̂                        no-useless-escape
  206:84   warning  Unnecessary escape character: \̂                        no-useless-escape
  206:133  warning  'z2' is not defined                                     no-undef
  211:22   warning  'MathJax' is not defined                                no-undef

/home/runner/work/exp-proportion-binomially-iitb/exp-proportion-binomially-iitb/experiment/simulation/js/activity2_p1.js
    1:10  warning  'activity2_p1' is defined but never used  no-unused-vars
    4:19  warning  'get_collapse_btn_text' is not defined    no-undef
    5:5   warning  'maindiv' is not defined                  no-undef
   83:9   warning  'MathJax' is not defined                  no-undef
   85:5   warning  'hide_all_steps' is not defined           no-undef
   87:9   warning  'show_step' is not defined                no-undef
   96:25  warning  'alpha_dd_options' is not defined         no-undef
   97:29  warning  'alpha_dd_options' is not defined         no-undef
   97:61  warning  'alpha_dd_options' is not defined         no-undef
  102:10  warning  'a2_set_alpha' is defined but never used  no-unused-vars
  106:9   warning  'alpha_a2' is not defined                 no-undef
  130:51  warning  'alpha_a2' is not defined                 no-undef
  135:9   warning  'alpha_a2' is not defined                 no-undef

/home/runner/work/exp-proportion-binomially-iitb/exp-proportion-binomially-iitb/experiment/simulation/js/activity2_p2.js
   1:10   warning  'activity2_p2' is defined but never used     no-unused-vars
   4:19   warning  'get_collapse_btn_text' is not defined       no-undef
   5:5    warning  'maindiv' is not defined                     no-undef
  17:30   warning  Unnecessary escape character: \̂             no-useless-escape
  17:84   warning  Unnecessary escape character: \̂             no-useless-escape
  17:133  warning  'z2' is not defined                          no-undef
  46:22   warning  'MathJax' is not defined                     no-undef
  47:5    warning  'hide_all_steps' is not defined              no-undef
  49:9    warning  'show_step' is not defined                   no-undef
  54:18   warning  'z2' is not defined                          no-undef
  54:43   warning  'z2' is not defined                          no-undef
  55:9    warning  'a2_hypo_test_reject_op' is not defined      no-undef
  58:9    warning  'a2_hypo_test_reject_op' is not defined      no-undef
  61:10   warning  'a2_vf_null_hypo' is defined but never used  no-unused-vars
  65:9    warning  'a2_hypo_test_reject_op' is not defined      no-undef
  68:14   warning  'a2_hypo_test_reject_op' is not defined      no-undef
  71:25   warning  'a2_hypo_test_reject_op' is not defined      no-undef

/home/runner/work/exp-proportion-binomially-iitb/exp-proportion-binomially-iitb/experiment/simulation/js/activity2_p3.js
    1:10  warning  'activity2_p3' is defined but never used    no-unused-vars
    4:19  warning  'get_collapse_btn_text' is not defined      no-undef
    6:5   warning  'maindiv' is not defined                    no-undef
   21:42  warning  Unnecessary escape character: \̂            no-useless-escape
   21:47  warning  Unnecessary escape character: \(            no-useless-escape
   21:52  warning  Unnecessary escape character: \̂            no-useless-escape
   21:57  warning  Unnecessary escape character: \)            no-useless-escape
   31:22  warning  'MathJax' is not defined                    no-undef
   32:5   warning  'hide_all_steps' is not defined             no-undef
   34:9   warning  'show_step' is not defined                  no-undef
   38:5   warning  'SE_a2' is not defined                      no-undef
   39:5   warning  'ME_a2' is not defined                      no-undef
   40:5   warning  'CI_1_a2' is not defined                    no-undef
   41:5   warning  'CI_2_a2' is not defined                    no-undef
   42:5   warning  'SE_a2' is not defined                      no-undef
   42:35  warning  'p2_cap' is not defined                     no-undef
   42:49  warning  'p2_cap' is not defined                     no-undef
   42:60  warning  'n2' is not defined                         no-undef
   43:5   warning  'ME_a2' is not defined                      no-undef
   43:25  warning  'z2' is not defined                         no-undef
   43:30  warning  'SE_a2' is not defined                      no-undef
   44:5   warning  'CI_1_a2' is not defined                    no-undef
   44:27  warning  'p2_cap' is not defined                     no-undef
   44:36  warning  'ME_a2' is not defined                      no-undef
   45:5   warning  'CI_2_a2' is not defined                    no-undef
   45:27  warning  'p2_cap' is not defined                     no-undef
   45:36  warning  'ME_a2' is not defined                      no-undef
   47:10  warning  'verify_se2' is defined but never used      no-unused-vars
   49:17  warning  'SE_a2' is not defined                      no-undef
   50:10  warning  'verify_values' is not defined              no-undef
   50:50  warning  'SE_a2' is not defined                      no-undef
   64:33  warning  Unnecessary escape character: \̂            no-useless-escape
   64:42  warning  Unnecessary escape character: \̂            no-useless-escape
   64:60  warning  'SE_a2' is not defined                      no-undef
   68:22  warning  'MathJax' is not defined                    no-undef
   70:10  warning  'a2_load_me_div' is defined but never used  no-unused-vars
   82:28  warning  Unnecessary escape character: \×            no-useless-escape
   91:22  warning  'MathJax' is not defined                    no-undef
   93:10  warning  'verify_me2' is defined but never used      no-unused-vars
   95:17  warning  'ME_a2' is not defined                      no-undef
   96:10  warning  'verify_values' is not defined              no-undef
   96:50  warning  'ME_a2' is not defined                      no-undef
  110:22  warning  Unnecessary escape character: \×            no-useless-escape
  110:32  warning  'ME_a2' is not defined                      no-undef
  114:22  warning  'MathJax' is not defined                    no-undef
  116:10  warning  'a2_load_ci_div' is defined but never used  no-unused-vars
  126:17  warning  Unnecessary escape character: \̂            no-useless-escape
  126:27  warning  'p2_cap' is not defined                     no-undef
  129:28  warning  Unnecessary escape character: \×            no-useless-escape
  129:38  warning  'ME_a2' is not defined                      no-undef
  134:20  warning  Unnecessary escape character: \̂            no-useless-escape
  134:34  warning  Unnecessary escape character: \̂            no-useless-escape
  139:20  warning  Unnecessary escape character: \̂            no-useless-escape
  147:20  warning  Unnecessary escape character: \̂            no-useless-escape
  162:22  warning  'MathJax' is not defined                    no-undef
  164:10  warning  'verify_ci2' is defined but never used      no-unused-vars
  167:17  warning  'CI_1_a2' is not defined                    no-undef
  167:26  warning  'CI_2_a2' is not defined                    no-undef
  168:10  warning  'verify_values' is not defined              no-undef
  168:51  warning  'CI_1_a2' is not defined                    no-undef
  177:10  warning  'verify_values' is not defined              no-undef
  177:51  warning  'CI_2_a2' is not defined                    no-undef
  191:29  warning  'CI_1_a2' is not defined                    no-undef
  191:42  warning  'CI_2_a2' is not defined                    no-undef
  195:22  warning  'MathJax' is not defined                    no-undef

/home/runner/work/exp-proportion-binomially-iitb/exp-proportion-binomially-iitb/experiment/simulation/js/activity3.js
    1:10   warning  'activity3' is defined but never used                   no-unused-vars
   19:5    warning  'maindiv' is not defined                                no-undef
   20:5    warning  'hide_all_steps' is not defined                         no-undef
   22:10   warning  'start_act3' is defined but never used                  no-unused-vars
   25:20   warning  'get_collapse_btn_text' is not defined                  no-undef
   26:5    warning  'maindiv' is not defined                                no-undef
   55:22   warning  'MathJax' is not defined                                no-undef
   57:9    warning  'show_step' is not defined                              no-undef
   61:10   warning  'set_n3' is defined but never used                      no-unused-vars
   65:9    warning  'n3' is not defined                                     no-undef
   69:9    warning  'n3' is not defined                                     no-undef
   83:10   warning  'verify_x3' is defined but never used                   no-unused-vars
   85:34   warning  'n3' is not defined                                     no-undef
   94:68   warning  'n3' is not defined                                     no-undef
   98:5    warning  'x3' is not defined                                     no-undef
   99:5    warning  'x3' is not defined                                     no-undef
  105:54   warning  'n3' is not defined                                     no-undef
  109:141  warning  'x3' is not defined                                     no-undef
  115:22   warning  'MathJax' is not defined                                no-undef
  117:10   warning  'a3_internal_calculations_1' is defined but never used  no-unused-vars
  118:5    warning  'p3_cap' is not defined                                 no-undef
  119:5    warning  'z3' is not defined                                     no-undef
  120:5    warning  'p3_cap' is not defined                                 no-undef
  120:26   warning  'x3' is not defined                                     no-undef
  120:31   warning  'n3' is not defined                                     no-undef
  121:5    warning  'z3' is not defined                                     no-undef
  121:23   warning  'p3_cap' is not defined                                 no-undef
  121:32   warning  'p0' is not defined                                     no-undef
  121:49   warning  'p0' is not defined                                     no-undef
  121:59   warning  'p0' is not defined                                     no-undef
  121:66   warning  'n3' is not defined                                     no-undef
  130:23   warning  Unnecessary escape character: \̂                        no-useless-escape
  141:22   warning  'MathJax' is not defined                                no-undef
  143:10   warning  'verify_p3' is defined but never used                   no-unused-vars
  145:17   warning  'p3_cap' is not defined                                 no-undef
  146:10   warning  'verify_values' is not defined                          no-undef
  146:50   warning  'p3_cap' is not defined                                 no-undef
  161:17   warning  Unnecessary escape character: \̂                        no-useless-escape
  161:46   warning  'p3_cap' is not defined                                 no-undef
  177:39   warning  Unnecessary escape character: \̂                        no-useless-escape
  177:93   warning  Unnecessary escape character: \̂                        no-useless-escape
  187:22   warning  'MathJax' is not defined                                no-undef
  189:10   warning  'verify_z3' is defined but never used                   no-unused-vars
  191:17   warning  'z3' is not defined                                     no-undef
  192:10   warning  'verify_values' is not defined                          no-undef
  192:50   warning  'z3' is not defined                                     no-undef
  206:30   warning  Unnecessary escape character: \̂                        no-useless-escape
  206:84   warning  Unnecessary escape character: \̂                        no-useless-escape
  206:133  warning  'z3' is not defined                                     no-undef
  211:22   warning  'MathJax' is not defined                                no-undef

/home/runner/work/exp-proportion-binomially-iitb/exp-proportion-binomially-iitb/experiment/simulation/js/activity3_p1.js
    1:10  warning  'activity3_p1' is defined but never used  no-unused-vars
    4:19  warning  'get_collapse_btn_text' is not defined    no-undef
    5:5   warning  'maindiv' is not defined                  no-undef
   83:9   warning  'MathJax' is not defined                  no-undef
   85:5   warning  'hide_all_steps' is not defined           no-undef
   87:9   warning  'show_step' is not defined                no-undef
   96:25  warning  'alpha_dd_options' is not defined         no-undef
   97:29  warning  'alpha_dd_options' is not defined         no-undef
   97:61  warning  'alpha_dd_options' is not defined         no-undef
  102:10  warning  'a3_set_alpha' is defined but never used  no-unused-vars
  106:9   warning  'alpha_a3' is not defined                 no-undef
  130:51  warning  'alpha_a3' is not defined                 no-undef
  135:9   warning  'alpha_a3' is not defined                 no-undef

/home/runner/work/exp-proportion-binomially-iitb/exp-proportion-binomially-iitb/experiment/simulation/js/activity3_p2.js
   1:10   warning  'activity3_p2' is defined but never used        no-unused-vars
   4:19   warning  'get_collapse_btn_text' is not defined          no-undef
   5:5    warning  'maindiv' is not defined                        no-undef
  17:30   warning  Unnecessary escape character: \̂                no-useless-escape
  17:84   warning  Unnecessary escape character: \̂                no-useless-escape
  17:133  warning  'z3' is not defined                             no-undef
  46:22   warning  'MathJax' is not defined                        no-undef
  47:5    warning  'hide_all_steps' is not defined                 no-undef
  49:9    warning  'show_step' is not defined                      no-undef
  53:10   warning  'a3_load_conclusion' is defined but never used  no-unused-vars
  61:22   warning  'MathJax' is not defined                        no-undef
  64:18   warning  'z3' is not defined                             no-undef
  64:43   warning  'z3' is not defined                             no-undef
  65:9    warning  'a3_hypo_test_reject_op' is not defined         no-undef
  68:9    warning  'a3_hypo_test_reject_op' is not defined         no-undef
  71:10   warning  'a3_vf_null_hypo' is defined but never used     no-unused-vars
  75:9    warning  'a3_hypo_test_reject_op' is not defined         no-undef
  78:14   warning  'a3_hypo_test_reject_op' is not defined         no-undef
  81:25   warning  'a3_hypo_test_reject_op' is not defined         no-undef

/home/runner/work/exp-proportion-binomially-iitb/exp-proportion-binomially-iitb/experiment/simulation/js/activity3_p3.js
    1:10  warning  'activity3_p3' is defined but never used    no-unused-vars
    4:19  warning  'get_collapse_btn_text' is not defined      no-undef
    6:5   warning  'maindiv' is not defined                    no-undef
   21:42  warning  Unnecessary escape character: \̂            no-useless-escape
   21:47  warning  Unnecessary escape character: \(            no-useless-escape
   21:52  warning  Unnecessary escape character: \̂            no-useless-escape
   21:57  warning  Unnecessary escape character: \)            no-useless-escape
   31:22  warning  'MathJax' is not defined                    no-undef
   32:5   warning  'hide_all_steps' is not defined             no-undef
   34:9   warning  'show_step' is not defined                  no-undef
   38:5   warning  'SE_a3' is not defined                      no-undef
   39:5   warning  'ME_a3' is not defined                      no-undef
   40:5   warning  'CI_1_a3' is not defined                    no-undef
   41:5   warning  'CI_2_a3' is not defined                    no-undef
   42:5   warning  'SE_a3' is not defined                      no-undef
   42:35  warning  'p3_cap' is not defined                     no-undef
   42:49  warning  'p3_cap' is not defined                     no-undef
   42:60  warning  'n3' is not defined                         no-undef
   43:5   warning  'ME_a3' is not defined                      no-undef
   43:25  warning  'z3' is not defined                         no-undef
   43:30  warning  'SE_a3' is not defined                      no-undef
   44:5   warning  'CI_1_a3' is not defined                    no-undef
   44:27  warning  'p3_cap' is not defined                     no-undef
   44:36  warning  'ME_a3' is not defined                      no-undef
   45:5   warning  'CI_2_a3' is not defined                    no-undef
   45:27  warning  'p3_cap' is not defined                     no-undef
   45:36  warning  'ME_a3' is not defined                      no-undef
   47:10  warning  'verify_se3' is defined but never used      no-unused-vars
   49:17  warning  'SE_a3' is not defined                      no-undef
   50:10  warning  'verify_values' is not defined              no-undef
   50:50  warning  'SE_a3' is not defined                      no-undef
   64:33  warning  Unnecessary escape character: \̂            no-useless-escape
   64:42  warning  Unnecessary escape character: \̂            no-useless-escape
   64:60  warning  'SE_a3' is not defined                      no-undef
   68:22  warning  'MathJax' is not defined                    no-undef
   70:10  warning  'a3_load_me_div' is defined but never used  no-unused-vars
   82:28  warning  Unnecessary escape character: \×            no-useless-escape
   91:22  warning  'MathJax' is not defined                    no-undef
   93:10  warning  'verify_me3' is defined but never used      no-unused-vars
   95:17  warning  'ME_a3' is not defined                      no-undef
   96:10  warning  'verify_values' is not defined              no-undef
   96:50  warning  'ME_a3' is not defined                      no-undef
  110:22  warning  Unnecessary escape character: \×            no-useless-escape
  110:32  warning  'ME_a3' is not defined                      no-undef
  114:22  warning  'MathJax' is not defined                    no-undef
  116:10  warning  'a3_load_ci_div' is defined but never used  no-unused-vars
  126:17  warning  Unnecessary escape character: \̂            no-useless-escape
  126:27  warning  'p3_cap' is not defined                     no-undef
  129:28  warning  Unnecessary escape character: \×            no-useless-escape
  129:38  warning  'ME_a3' is not defined                      no-undef
  134:20  warning  Unnecessary escape character: \̂            no-useless-escape
  134:34  warning  Unnecessary escape character: \̂            no-useless-escape
  139:20  warning  Unnecessary escape character: \̂            no-useless-escape
  147:20  warning  Unnecessary escape character: \̂            no-useless-escape
  162:22  warning  'MathJax' is not defined                    no-undef
  164:10  warning  'verify_ci3' is defined but never used      no-unused-vars
  167:17  warning  'CI_1_a3' is not defined                    no-undef
  167:26  warning  'CI_2_a3' is not defined                    no-undef
  168:10  warning  'verify_values' is not defined              no-undef
  168:51  warning  'CI_1_a3' is not defined                    no-undef
  177:10  warning  'verify_values' is not defined              no-undef
  177:51  warning  'CI_2_a3' is not defined                    no-undef
  191:29  warning  'CI_1_a3' is not defined                    no-undef
  191:42  warning  'CI_2_a3' is not defined                    no-undef
  195:22  warning  'MathJax' is not defined                    no-undef

/home/runner/work/exp-proportion-binomially-iitb/exp-proportion-binomially-iitb/experiment/simulation/js/activity4.js
    1:10  warning  'activity4' is defined but never used         no-unused-vars
   19:5   warning  'maindiv' is not defined                      no-undef
   20:5   warning  'hide_all_steps' is not defined               no-undef
   23:10  warning  'start_act4' is defined but never used        no-unused-vars
   26:19  warning  'get_collapse_btn_text' is not defined        no-undef
   27:5   warning  'maindiv' is not defined                      no-undef
   44:42  warning  'CI_1_a1' is not defined                      no-undef
   44:54  warning  'CI_2_a1' is not defined                      no-undef
   47:42  warning  'CI_1_a2' is not defined                      no-undef
   47:54  warning  'CI_2_a2' is not defined                      no-undef
   50:42  warning  'CI_1_a3' is not defined                      no-undef
   50:54  warning  'CI_2_a3' is not defined                      no-undef
   79:9   warning  'show_step' is not defined                    no-undef
   83:5   warning  'CI_len_a1' is not defined                    no-undef
   84:5   warning  'CI_len_a2' is not defined                    no-undef
   85:5   warning  'CI_len_a3' is not defined                    no-undef
   86:5   warning  'CI_len_a1' is not defined                    no-undef
   86:37  warning  'CI_1_a1' is not defined                      no-undef
   86:47  warning  'CI_2_a1' is not defined                      no-undef
   87:5   warning  'CI_len_a2' is not defined                    no-undef
   87:37  warning  'CI_1_a2' is not defined                      no-undef
   87:47  warning  'CI_2_a2' is not defined                      no-undef
   88:5   warning  'CI_len_a3' is not defined                    no-undef
   88:37  warning  'CI_1_a3' is not defined                      no-undef
   88:47  warning  'CI_2_a3' is not defined                      no-undef
   89:28  warning  'CI_len_a1' is not defined                    no-undef
   89:48  warning  'CI_len_a2' is not defined                    no-undef
   89:59  warning  'CI_len_a3' is not defined                    no-undef
   90:5   warning  'best_proportion' is not defined              no-undef
   90:35  warning  'CI_len_a1' is not defined                    no-undef
   90:63  warning  'CI_len_a2' is not defined                    no-undef
   91:17  warning  'CI_len_a1' is not defined                    no-undef
   91:28  warning  'CI_len_a2' is not defined                    no-undef
   91:39  warning  'CI_len_a3' is not defined                    no-undef
   92:17  warning  'best_proportion' is not defined              no-undef
   94:10  warning  'a4_vf_conslusion' is defined but never used  no-unused-vars
   97:25  warning  'best_proportion' is not defined              no-undef
  133:10  warning  'a4_load_theory' is defined but never used    no-unused-vars
  140:26  warning  Unnecessary escape character: \̂              no-useless-escape
  140:39  warning  Unnecessary escape character: \̂              no-useless-escape
  144:20  warning  Unnecessary escape character: \×              no-useless-escape
  144:38  warning  Unnecessary escape character: \̂              no-useless-escape
  144:42  warning  Unnecessary escape character: \̂              no-useless-escape
  144:51  warning  Unnecessary escape character: \⇒              no-useless-escape
  144:57  warning  Unnecessary escape character: \∝              no-useless-escape
  158:22  warning  'MathJax' is not defined                      no-undef

/home/runner/work/exp-proportion-binomially-iitb/exp-proportion-binomially-iitb/experiment/simulation/js/data.js
   1:5   warning  'p0' is assigned a value but never used                      no-unused-vars
   2:5   warning  'z_table_data' is assigned a value but never used            no-unused-vars
   2:20  warning  'z_table' is not defined                                     no-undef
  11:5   warning  'alpha_dd_options' is assigned a value but never used        no-unused-vars
  13:5   warning  'n1' is assigned a value but never used                      no-unused-vars
  14:5   warning  'x1' is assigned a value but never used                      no-unused-vars
  15:5   warning  'p1_cap' is assigned a value but never used                  no-unused-vars
  16:5   warning  'z1' is assigned a value but never used                      no-unused-vars
  17:5   warning  'alpha_a1' is assigned a value but never used                no-unused-vars
  18:5   warning  'z_alpha_a1' is assigned a value but never used              no-unused-vars
  19:5   warning  'SE_a1' is assigned a value but never used                   no-unused-vars
  20:5   warning  'ME_a1' is assigned a value but never used                   no-unused-vars
  21:5   warning  'CI_1_a1' is assigned a value but never used                 no-unused-vars
  22:5   warning  'CI_2_a1' is assigned a value but never used                 no-unused-vars
  23:5   warning  'a1_hypo_test_reject_op' is assigned a value but never used  no-unused-vars
  25:5   warning  'n2' is assigned a value but never used                      no-unused-vars
  26:5   warning  'x2' is assigned a value but never used                      no-unused-vars
  27:5   warning  'p2_cap' is assigned a value but never used                  no-unused-vars
  28:5   warning  'z2' is assigned a value but never used                      no-unused-vars
  29:5   warning  'alpha_a2' is assigned a value but never used                no-unused-vars
  30:5   warning  'z_alpha_a2' is assigned a value but never used              no-unused-vars
  31:5   warning  'SE_a2' is assigned a value but never used                   no-unused-vars
  32:5   warning  'ME_a2' is assigned a value but never used                   no-unused-vars
  33:5   warning  'CI_1_a2' is assigned a value but never used                 no-unused-vars
  34:5   warning  'CI_2_a2' is assigned a value but never used                 no-unused-vars
  35:5   warning  'a2_hypo_test_reject_op' is assigned a value but never used  no-unused-vars
  37:5   warning  'n3' is assigned a value but never used                      no-unused-vars
  38:5   warning  'x3' is assigned a value but never used                      no-unused-vars
  39:5   warning  'p3_cap' is assigned a value but never used                  no-unused-vars
  40:5   warning  'z3' is assigned a value but never used                      no-unused-vars
  41:5   warning  'alpha_a3' is assigned a value but never used                no-unused-vars
  42:5   warning  'z_alpha_a3' is assigned a value but never used              no-unused-vars
  43:5   warning  'SE_a3' is assigned a value but never used                   no-unused-vars
  44:5   warning  'ME_a3' is assigned a value but never used                   no-unused-vars
  45:5   warning  'CI_1_a3' is assigned a value but never used                 no-unused-vars
  46:5   warning  'CI_2_a3' is assigned a value but never used                 no-unused-vars
  47:5   warning  'a3_hypo_test_reject_op' is assigned a value but never used  no-unused-vars
  49:5   warning  'CI_len_a1' is defined but never used                        no-unused-vars
  50:5   warning  'CI_len_a2' is defined but never used                        no-unused-vars
  51:5   warning  'CI_len_a3' is defined but never used                        no-unused-vars
  52:5   warning  'best_proportion' is defined but never used                  no-unused-vars

/home/runner/work/exp-proportion-binomially-iitb/exp-proportion-binomially-iitb/experiment/simulation/js/z_table.js
  1:5  warning  'z_table' is assigned a value but never used  no-unused-vars

✖ 577 problems (0 errors, 577 warnings)

